<?xml version="1.0" encoding="UTF-8"?>
<!-- Generated by org.testng.reporters.JUnitReportReporter -->
<testsuite skipped="0" hostname="INTEL" name="LoginExample" tests="1" failures="0" timestamp="2020-02-14T09:34:13 IST" time="13.562" errors="0">
  <testcase name="login" time="13.562" classname="LoginExample"/>
</testsuite> <!-- LoginExample -->
